I 22:23:04.0780690 Deck Contents Received:
I 22:23:04.0780690 ### 狗贼
I 22:23:04.0780690 # Deck ID: 7996212750
I 22:23:04.0780690 AAEBAZICCukB6awCtLsC1pkDiLED6LoDndgDv+ADpu8DiYsECooOoM0CmNICntIChOYCv/ICj/YCm84D1OgDr4AEAA==
I 22:23:04.0780690 ### 法术
I 22:23:04.0780690 # Deck ID: 7997355263
I 22:23:04.0780690 AAECAf0ECIy5A+DMA7/gA5PhA7L3A6CKBJiNBPyeBAvBuAOBvwPNzgP73QPr3gPQ7APR7AOn9wOKjQT9ngT7ogQA
I 22:23:04.0780690 ### 自定义 潜行者
I 22:23:04.0780690 # Deck ID: 8003374434
I 22:23:04.0780690 AAECAaIHAAAA
I 22:23:04.0780690 ### 小丑
I 22:23:04.0780690 # Deck ID: 8004144061
I 22:23:04.0780690 AAECAZICBrrQA/zeA6bvA9D5A4mLBOSkBAzougObzgPw1AP+2wOJ4AOV4AOi4QOk4QPR4QPm4QPe7AOvgAQA
I 22:23:04.0780690 ### 双古神
I 22:23:04.0780690 # Deck ID: 8005951524
I 22:23:04.0780690 AAECAZICCO66A53YA/zeA4rgA6bvA9D5A4mLBKWNBAvougObzgPw1AOJ4AOV4AOi4QOk4QPR4QPm4QOP5AOvgAQA
I 22:23:04.0780690 ### 圣契骑
I 22:23:04.0780690 # Deck ID: 8006192896
I 22:23:04.0780690 AAECAZ8FDOu5A+u5A+y5A+y5A4TBA5XNA5PQA7/RA/voA5HsA9n5A+CLBAn9uAPquQPKwQPA0QPM6wPw9gON+AO2gAT5pAQA
I 22:23:04.0780690 ### 对决套牌
I 22:23:04.0780690 # Deck ID: 8009171311
I 22:23:04.0780690 AAEBAbLwAw+WBc3OA6TRA9nRA7fSA4vnA9DsA9HsA6f3A673A6CKBIqNBP2eBMWgBPuiBAAA
I 22:23:04.0780690 ### 任务
I 22:23:04.0780690 # Deck ID: 8010668041
I 22:23:04.0780690 AAECAaoIBJzOA6beA8L2A9ySBA3buAPhzAPNzgPw1AOK5APq5wP67APk9gOF+gOogQSVkgT5nwT6nwQA
I 22:23:04.0780690 ### 卡扎库
I 22:23:04.0780690 # Deck ID: 8020766665
I 22:23:04.0780690 AAECAbr5AwPR4QOJiwSJnwQN5boD6LoD77oDm84D8NQDieADiuADjOQDj+QDr4AErp8EsKUEz6wEAA==
I 22:23:06.5584800 Deck Contents Received:
I 22:23:06.5584800 ### 狗贼
I 22:23:06.5584800 # Deck ID: 7996212750
I 22:23:06.5584800 AAEBAZICCukB6awCtLsC1pkDiLED6LoDndgDv+ADpu8DiYsECooOoM0CmNICntIChOYCv/ICj/YCm84D1OgDr4AEAA==
I 22:23:06.5584800 ### 法术
I 22:23:06.5584800 # Deck ID: 7997355263
I 22:23:06.5584800 AAECAf0ECIy5A+DMA7/gA5PhA7L3A6CKBJiNBPyeBAvBuAOBvwPNzgP73QPr3gPQ7APR7AOn9wOKjQT9ngT7ogQA
I 22:23:06.5584800 ### 自定义 潜行者
I 22:23:06.5584800 # Deck ID: 8003374434
I 22:23:06.5584800 AAECAaIHAAAA
I 22:23:06.5584800 ### 小丑
I 22:23:06.5584800 # Deck ID: 8004144061
I 22:23:06.5584800 AAECAZICBrrQA/zeA6bvA9D5A4mLBOSkBAzougObzgPw1AP+2wOJ4AOV4AOi4QOk4QPR4QPm4QPe7AOvgAQA
I 22:23:06.5584800 ### 双古神
I 22:23:06.5584800 # Deck ID: 8005951524
I 22:23:06.5584800 AAECAZICCO66A53YA/zeA4rgA6bvA9D5A4mLBKWNBAvougObzgPw1AOJ4AOV4AOi4QOk4QPR4QPm4QOP5AOvgAQA
I 22:23:06.5584800 ### 圣契骑
I 22:23:06.5584800 # Deck ID: 8006192896
I 22:23:06.5584800 AAECAZ8FDOu5A+u5A+y5A+y5A4TBA5XNA5PQA7/RA/voA5HsA9n5A+CLBAn9uAPquQPKwQPA0QPM6wPw9gON+AO2gAT5pAQA
I 22:23:06.5584800 ### 对决套牌
I 22:23:06.5584800 # Deck ID: 8009171311
I 22:23:06.5584800 AAEBAbLwAw+WBc3OA6TRA9nRA7fSA4vnA9DsA9HsA6f3A673A6CKBIqNBP2eBMWgBPuiBAAA
I 22:23:06.5584800 ### 任务
I 22:23:06.5584800 # Deck ID: 8010668041
I 22:23:06.5584800 AAECAaoIBJzOA6beA8L2A9ySBA3buAPhzAPNzgPw1AOK5APq5wP67APk9gOF+gOogQSVkgT5nwT6nwQA
I 22:23:06.5584800 ### 卡扎库
I 22:23:06.5584800 # Deck ID: 8020766665
I 22:23:06.5584800 AAECAbr5AwPR4QOJiwSJnwQN5boD6LoD77oDm84D8NQDieADiuADjOQDj+QDr4AErp8EsKUEz6wEAA==
I 22:23:35.6401730 Finding Game With Deck:
I 22:23:35.6401730 ### 任务
I 22:23:35.6401730 # Deck ID: 8010668041
I 22:23:35.6401730 AAECAaoIBJzOA6beA8L2A9ySBA3buAPhzAPNzgPw1AOK5APq5wP67APk9gOF+gOogQSVkgT5nwT6nwQA
